<?xml version="1.0" encoding="UTF-8"?>
<testsuite xmlns:xsi="http://www.w3.org/2001/XMLSchema-instance" xsi:noNamespaceSchemaLocation="https://maven.apache.org/surefire/maven-surefire-plugin/xsd/surefire-test-report.xsd" name="io.github.foreverstr.test.MySQLJormTest" time="0.276" tests="5" errors="0" skipped="0" failures="0">
  <properties>
    <property name="java.specification.version" value="21"/>
    <property name="sun.cpu.isalist" value="amd64"/>
    <property name="sun.jnu.encoding" value="GBK"/>
    <property name="java.class.path" value="D:\java_project\jorm-spring-boot-starter\target\test-classes;D:\java_project\jorm-spring-boot-starter\target\classes;D:\Maven\Maven-Repository\org\springframework\boot\spring-boot-autoconfigure\2.7.6\spring-boot-autoconfigure-2.7.6.jar;D:\Maven\Maven-Repository\org\springframework\boot\spring-boot\2.7.6\spring-boot-2.7.6.jar;D:\Maven\Maven-Repository\org\springframework\spring-context\5.3.24\spring-context-5.3.24.jar;D:\Maven\Maven-Repository\org\springframework\spring-expression\5.3.24\spring-expression-5.3.24.jar;D:\Maven\Maven-Repository\org\springframework\spring-jdbc\5.3.34\spring-jdbc-5.3.34.jar;D:\Maven\Maven-Repository\org\springframework\spring-beans\5.3.24\spring-beans-5.3.24.jar;D:\Maven\Maven-Repository\org\springframework\spring-core\5.3.24\spring-core-5.3.24.jar;D:\Maven\Maven-Repository\org\springframework\spring-jcl\5.3.24\spring-jcl-5.3.24.jar;D:\Maven\Maven-Repository\org\springframework\spring-tx\5.3.24\spring-tx-5.3.24.jar;D:\Maven\Maven-Repository\org\springframework\boot\spring-boot-configuration-processor\2.7.6\spring-boot-configuration-processor-2.7.6.jar;D:\Maven\Maven-Repository\io\github\foreverstr\jorm\1.0.8\jorm-1.0.8.jar;D:\Maven\Maven-Repository\org\slf4j\slf4j-api\1.7.36\slf4j-api-1.7.36.jar;D:\Maven\Maven-Repository\com\zaxxer\HikariCP\4.0.3\HikariCP-4.0.3.jar;D:\Maven\Maven-Repository\org\springframework\boot\spring-boot-starter-data-redis\2.7.6\spring-boot-starter-data-redis-2.7.6.jar;D:\Maven\Maven-Repository\org\springframework\boot\spring-boot-starter\2.7.6\spring-boot-starter-2.7.6.jar;D:\Maven\Maven-Repository\org\springframework\boot\spring-boot-starter-logging\2.7.6\spring-boot-starter-logging-2.7.6.jar;D:\Maven\Maven-Repository\ch\qos\logback\logback-classic\1.2.11\logback-classic-1.2.11.jar;D:\Maven\Maven-Repository\ch\qos\logback\logback-core\1.2.11\logback-core-1.2.11.jar;D:\Maven\Maven-Repository\org\apache\logging\log4j\log4j-to-slf4j\2.17.2\log4j-to-slf4j-2.17.2.jar;D:\Maven\Maven-Repository\org\apache\logging\log4j\log4j-api\2.17.2\log4j-api-2.17.2.jar;D:\Maven\Maven-Repository\org\slf4j\jul-to-slf4j\1.7.36\jul-to-slf4j-1.7.36.jar;D:\Maven\Maven-Repository\jakarta\annotation\jakarta.annotation-api\1.3.5\jakarta.annotation-api-1.3.5.jar;D:\Maven\Maven-Repository\org\yaml\snakeyaml\1.30\snakeyaml-1.30.jar;D:\Maven\Maven-Repository\org\springframework\data\spring-data-redis\2.7.6\spring-data-redis-2.7.6.jar;D:\Maven\Maven-Repository\org\springframework\data\spring-data-keyvalue\2.7.6\spring-data-keyvalue-2.7.6.jar;D:\Maven\Maven-Repository\org\springframework\data\spring-data-commons\2.7.6\spring-data-commons-2.7.6.jar;D:\Maven\Maven-Repository\org\springframework\spring-oxm\5.3.24\spring-oxm-5.3.24.jar;D:\Maven\Maven-Repository\org\springframework\spring-aop\5.3.24\spring-aop-5.3.24.jar;D:\Maven\Maven-Repository\org\springframework\spring-context-support\5.3.24\spring-context-support-5.3.24.jar;D:\Maven\Maven-Repository\io\lettuce\lettuce-core\6.1.10.RELEASE\lettuce-core-6.1.10.RELEASE.jar;D:\Maven\Maven-Repository\io\netty\netty-common\4.1.85.Final\netty-common-4.1.85.Final.jar;D:\Maven\Maven-Repository\io\netty\netty-handler\4.1.85.Final\netty-handler-4.1.85.Final.jar;D:\Maven\Maven-Repository\io\netty\netty-resolver\4.1.85.Final\netty-resolver-4.1.85.Final.jar;D:\Maven\Maven-Repository\io\netty\netty-buffer\4.1.85.Final\netty-buffer-4.1.85.Final.jar;D:\Maven\Maven-Repository\io\netty\netty-transport-native-unix-common\4.1.85.Final\netty-transport-native-unix-common-4.1.85.Final.jar;D:\Maven\Maven-Repository\io\netty\netty-codec\4.1.85.Final\netty-codec-4.1.85.Final.jar;D:\Maven\Maven-Repository\io\netty\netty-transport\4.1.85.Final\netty-transport-4.1.85.Final.jar;D:\Maven\Maven-Repository\io\projectreactor\reactor-core\3.4.25\reactor-core-3.4.25.jar;D:\Maven\Maven-Repository\org\reactivestreams\reactive-streams\1.0.4\reactive-streams-1.0.4.jar;D:\Maven\Maven-Repository\redis\clients\jedis\4.3.1\jedis-4.3.1.jar;D:\Maven\Maven-Repository\org\apache\commons\commons-pool2\2.11.1\commons-pool2-2.11.1.jar;D:\Maven\Maven-Repository\org\json\json\20220320\json-20220320.jar;D:\Maven\Maven-Repository\com\google\code\gson\gson\2.9.1\gson-2.9.1.jar;D:\Maven\Maven-Repository\org\springframework\boot\spring-boot-starter-test\2.7.6\spring-boot-starter-test-2.7.6.jar;D:\Maven\Maven-Repository\org\springframework\boot\spring-boot-test\2.7.6\spring-boot-test-2.7.6.jar;D:\Maven\Maven-Repository\org\springframework\boot\spring-boot-test-autoconfigure\2.7.6\spring-boot-test-autoconfigure-2.7.6.jar;D:\Maven\Maven-Repository\com\jayway\jsonpath\json-path\2.7.0\json-path-2.7.0.jar;D:\Maven\Maven-Repository\net\minidev\json-smart\2.4.8\json-smart-2.4.8.jar;D:\Maven\Maven-Repository\net\minidev\accessors-smart\2.4.8\accessors-smart-2.4.8.jar;D:\Maven\Maven-Repository\org\ow2\asm\asm\9.1\asm-9.1.jar;D:\Maven\Maven-Repository\jakarta\xml\bind\jakarta.xml.bind-api\2.3.3\jakarta.xml.bind-api-2.3.3.jar;D:\Maven\Maven-Repository\jakarta\activation\jakarta.activation-api\1.2.2\jakarta.activation-api-1.2.2.jar;D:\Maven\Maven-Repository\org\assertj\assertj-core\3.22.0\assertj-core-3.22.0.jar;D:\Maven\Maven-Repository\org\hamcrest\hamcrest\2.2\hamcrest-2.2.jar;D:\Maven\Maven-Repository\org\mockito\mockito-core\4.5.1\mockito-core-4.5.1.jar;D:\Maven\Maven-Repository\net\bytebuddy\byte-buddy\1.12.19\byte-buddy-1.12.19.jar;D:\Maven\Maven-Repository\net\bytebuddy\byte-buddy-agent\1.12.19\byte-buddy-agent-1.12.19.jar;D:\Maven\Maven-Repository\org\objenesis\objenesis\3.2\objenesis-3.2.jar;D:\Maven\Maven-Repository\org\mockito\mockito-junit-jupiter\4.5.1\mockito-junit-jupiter-4.5.1.jar;D:\Maven\Maven-Repository\org\skyscreamer\jsonassert\1.5.1\jsonassert-1.5.1.jar;D:\Maven\Maven-Repository\com\vaadin\external\google\android-json\0.0.20131108.vaadin1\android-json-0.0.20131108.vaadin1.jar;D:\Maven\Maven-Repository\org\springframework\spring-test\5.3.24\spring-test-5.3.24.jar;D:\Maven\Maven-Repository\org\xmlunit\xmlunit-core\2.9.0\xmlunit-core-2.9.0.jar;D:\Maven\Maven-Repository\junit\junit\4.13.2\junit-4.13.2.jar;D:\Maven\Maven-Repository\org\hamcrest\hamcrest-core\2.2\hamcrest-core-2.2.jar;D:\Maven\Maven-Repository\org\junit\jupiter\junit-jupiter\6.0.0-M2\junit-jupiter-6.0.0-M2.jar;D:\Maven\Maven-Repository\org\junit\jupiter\junit-jupiter-api\5.8.2\junit-jupiter-api-5.8.2.jar;D:\Maven\Maven-Repository\org\opentest4j\opentest4j\1.2.0\opentest4j-1.2.0.jar;D:\Maven\Maven-Repository\org\junit\platform\junit-platform-commons\1.8.2\junit-platform-commons-1.8.2.jar;D:\Maven\Maven-Repository\org\apiguardian\apiguardian-api\1.1.2\apiguardian-api-1.1.2.jar;D:\Maven\Maven-Repository\org\junit\jupiter\junit-jupiter-params\5.8.2\junit-jupiter-params-5.8.2.jar;D:\Maven\Maven-Repository\org\junit\jupiter\junit-jupiter-engine\5.8.2\junit-jupiter-engine-5.8.2.jar;D:\Maven\Maven-Repository\org\junit\platform\junit-platform-engine\1.8.2\junit-platform-engine-1.8.2.jar;D:\Maven\Maven-Repository\org\testcontainers\testcontainers\1.17.6\testcontainers-1.17.6.jar;D:\Maven\Maven-Repository\org\apache\commons\commons-compress\1.22\commons-compress-1.22.jar;D:\Maven\Maven-Repository\org\rnorth\duct-tape\duct-tape\1.0.8\duct-tape-1.0.8.jar;D:\Maven\Maven-Repository\org\jetbrains\annotations\17.0.0\annotations-17.0.0.jar;D:\Maven\Maven-Repository\com\github\docker-java\docker-java-api\3.2.13\docker-java-api-3.2.13.jar;D:\Maven\Maven-Repository\com\github\docker-java\docker-java-transport-zerodep\3.2.13\docker-java-transport-zerodep-3.2.13.jar;D:\Maven\Maven-Repository\com\github\docker-java\docker-java-transport\3.2.13\docker-java-transport-3.2.13.jar;D:\Maven\Maven-Repository\net\java\dev\jna\jna\5.8.0\jna-5.8.0.jar;D:\Maven\Maven-Repository\org\testcontainers\junit-jupiter\1.17.6\junit-jupiter-1.17.6.jar;D:\Maven\Maven-Repository\org\testcontainers\mysql\1.17.6\mysql-1.17.6.jar;D:\Maven\Maven-Repository\org\testcontainers\jdbc\1.17.6\jdbc-1.17.6.jar;D:\Maven\Maven-Repository\org\testcontainers\database-commons\1.17.6\database-commons-1.17.6.jar;D:\Maven\Maven-Repository\com\redis\testcontainers-redis\2.2.4\testcontainers-redis-2.2.4.jar;D:\Maven\Maven-Repository\com\redis\testcontainers-redis-common\2.2.4\testcontainers-redis-common-2.2.4.jar;D:\Maven\Maven-Repository\it\ozimov\embedded-redis\0.7.3\embedded-redis-0.7.3.jar;D:\Maven\Maven-Repository\com\google\guava\guava\21.0\guava-21.0.jar;D:\Maven\Maven-Repository\commons-io\commons-io\2.5\commons-io-2.5.jar;D:\Maven\Maven-Repository\org\slf4j\slf4j-simple\1.7.36\slf4j-simple-1.7.36.jar;D:\Maven\Maven-Repository\commons-logging\commons-logging\1.2\commons-logging-1.2.jar;D:\Maven\Maven-Repository\com\fasterxml\jackson\core\jackson-databind\2.15.2\jackson-databind-2.15.2.jar;D:\Maven\Maven-Repository\com\fasterxml\jackson\core\jackson-annotations\2.13.4\jackson-annotations-2.13.4.jar;D:\Maven\Maven-Repository\com\fasterxml\jackson\core\jackson-core\2.13.4\jackson-core-2.13.4.jar;D:\Maven\Maven-Repository\com\mysql\mysql-connector-j\8.0.33\mysql-connector-j-8.0.33.jar;"/>
    <property name="java.vm.vendor" value="Oracle Corporation"/>
    <property name="sun.arch.data.model" value="64"/>
    <property name="user.variant" value=""/>
    <property name="java.vendor.url" value="https://java.oracle.com/"/>
    <property name="user.timezone" value="Asia/Shanghai"/>
    <property name="os.name" value="Windows 11"/>
    <property name="java.vm.specification.version" value="21"/>
    <property name="sun.java.launcher" value="SUN_STANDARD"/>
    <property name="user.country" value="CN"/>
    <property name="sun.boot.library.path" value="C:\Program Files\Java\jdk-21\bin"/>
    <property name="sun.java.command" value="C:\Users\杜玉杰\AppData\Local\Temp\surefire12739524723778762888\surefirebooter1444606428159281342.jar C:\Users\杜玉杰\AppData\Local\Temp\surefire12739524723778762888 2025-08-26T17-19-41_389-jvmRun1 surefire91415597049394043tmp surefire_010576349534121726151tmp"/>
    <property name="jdk.debug" value="release"/>
    <property name="surefire.test.class.path" value="D:\java_project\jorm-spring-boot-starter\target\test-classes;D:\java_project\jorm-spring-boot-starter\target\classes;D:\Maven\Maven-Repository\org\springframework\boot\spring-boot-autoconfigure\2.7.6\spring-boot-autoconfigure-2.7.6.jar;D:\Maven\Maven-Repository\org\springframework\boot\spring-boot\2.7.6\spring-boot-2.7.6.jar;D:\Maven\Maven-Repository\org\springframework\spring-context\5.3.24\spring-context-5.3.24.jar;D:\Maven\Maven-Repository\org\springframework\spring-expression\5.3.24\spring-expression-5.3.24.jar;D:\Maven\Maven-Repository\org\springframework\spring-jdbc\5.3.34\spring-jdbc-5.3.34.jar;D:\Maven\Maven-Repository\org\springframework\spring-beans\5.3.24\spring-beans-5.3.24.jar;D:\Maven\Maven-Repository\org\springframework\spring-core\5.3.24\spring-core-5.3.24.jar;D:\Maven\Maven-Repository\org\springframework\spring-jcl\5.3.24\spring-jcl-5.3.24.jar;D:\Maven\Maven-Repository\org\springframework\spring-tx\5.3.24\spring-tx-5.3.24.jar;D:\Maven\Maven-Repository\org\springframework\boot\spring-boot-configuration-processor\2.7.6\spring-boot-configuration-processor-2.7.6.jar;D:\Maven\Maven-Repository\io\github\foreverstr\jorm\1.0.8\jorm-1.0.8.jar;D:\Maven\Maven-Repository\org\slf4j\slf4j-api\1.7.36\slf4j-api-1.7.36.jar;D:\Maven\Maven-Repository\com\zaxxer\HikariCP\4.0.3\HikariCP-4.0.3.jar;D:\Maven\Maven-Repository\org\springframework\boot\spring-boot-starter-data-redis\2.7.6\spring-boot-starter-data-redis-2.7.6.jar;D:\Maven\Maven-Repository\org\springframework\boot\spring-boot-starter\2.7.6\spring-boot-starter-2.7.6.jar;D:\Maven\Maven-Repository\org\springframework\boot\spring-boot-starter-logging\2.7.6\spring-boot-starter-logging-2.7.6.jar;D:\Maven\Maven-Repository\ch\qos\logback\logback-classic\1.2.11\logback-classic-1.2.11.jar;D:\Maven\Maven-Repository\ch\qos\logback\logback-core\1.2.11\logback-core-1.2.11.jar;D:\Maven\Maven-Repository\org\apache\logging\log4j\log4j-to-slf4j\2.17.2\log4j-to-slf4j-2.17.2.jar;D:\Maven\Maven-Repository\org\apache\logging\log4j\log4j-api\2.17.2\log4j-api-2.17.2.jar;D:\Maven\Maven-Repository\org\slf4j\jul-to-slf4j\1.7.36\jul-to-slf4j-1.7.36.jar;D:\Maven\Maven-Repository\jakarta\annotation\jakarta.annotation-api\1.3.5\jakarta.annotation-api-1.3.5.jar;D:\Maven\Maven-Repository\org\yaml\snakeyaml\1.30\snakeyaml-1.30.jar;D:\Maven\Maven-Repository\org\springframework\data\spring-data-redis\2.7.6\spring-data-redis-2.7.6.jar;D:\Maven\Maven-Repository\org\springframework\data\spring-data-keyvalue\2.7.6\spring-data-keyvalue-2.7.6.jar;D:\Maven\Maven-Repository\org\springframework\data\spring-data-commons\2.7.6\spring-data-commons-2.7.6.jar;D:\Maven\Maven-Repository\org\springframework\spring-oxm\5.3.24\spring-oxm-5.3.24.jar;D:\Maven\Maven-Repository\org\springframework\spring-aop\5.3.24\spring-aop-5.3.24.jar;D:\Maven\Maven-Repository\org\springframework\spring-context-support\5.3.24\spring-context-support-5.3.24.jar;D:\Maven\Maven-Repository\io\lettuce\lettuce-core\6.1.10.RELEASE\lettuce-core-6.1.10.RELEASE.jar;D:\Maven\Maven-Repository\io\netty\netty-common\4.1.85.Final\netty-common-4.1.85.Final.jar;D:\Maven\Maven-Repository\io\netty\netty-handler\4.1.85.Final\netty-handler-4.1.85.Final.jar;D:\Maven\Maven-Repository\io\netty\netty-resolver\4.1.85.Final\netty-resolver-4.1.85.Final.jar;D:\Maven\Maven-Repository\io\netty\netty-buffer\4.1.85.Final\netty-buffer-4.1.85.Final.jar;D:\Maven\Maven-Repository\io\netty\netty-transport-native-unix-common\4.1.85.Final\netty-transport-native-unix-common-4.1.85.Final.jar;D:\Maven\Maven-Repository\io\netty\netty-codec\4.1.85.Final\netty-codec-4.1.85.Final.jar;D:\Maven\Maven-Repository\io\netty\netty-transport\4.1.85.Final\netty-transport-4.1.85.Final.jar;D:\Maven\Maven-Repository\io\projectreactor\reactor-core\3.4.25\reactor-core-3.4.25.jar;D:\Maven\Maven-Repository\org\reactivestreams\reactive-streams\1.0.4\reactive-streams-1.0.4.jar;D:\Maven\Maven-Repository\redis\clients\jedis\4.3.1\jedis-4.3.1.jar;D:\Maven\Maven-Repository\org\apache\commons\commons-pool2\2.11.1\commons-pool2-2.11.1.jar;D:\Maven\Maven-Repository\org\json\json\20220320\json-20220320.jar;D:\Maven\Maven-Repository\com\google\code\gson\gson\2.9.1\gson-2.9.1.jar;D:\Maven\Maven-Repository\org\springframework\boot\spring-boot-starter-test\2.7.6\spring-boot-starter-test-2.7.6.jar;D:\Maven\Maven-Repository\org\springframework\boot\spring-boot-test\2.7.6\spring-boot-test-2.7.6.jar;D:\Maven\Maven-Repository\org\springframework\boot\spring-boot-test-autoconfigure\2.7.6\spring-boot-test-autoconfigure-2.7.6.jar;D:\Maven\Maven-Repository\com\jayway\jsonpath\json-path\2.7.0\json-path-2.7.0.jar;D:\Maven\Maven-Repository\net\minidev\json-smart\2.4.8\json-smart-2.4.8.jar;D:\Maven\Maven-Repository\net\minidev\accessors-smart\2.4.8\accessors-smart-2.4.8.jar;D:\Maven\Maven-Repository\org\ow2\asm\asm\9.1\asm-9.1.jar;D:\Maven\Maven-Repository\jakarta\xml\bind\jakarta.xml.bind-api\2.3.3\jakarta.xml.bind-api-2.3.3.jar;D:\Maven\Maven-Repository\jakarta\activation\jakarta.activation-api\1.2.2\jakarta.activation-api-1.2.2.jar;D:\Maven\Maven-Repository\org\assertj\assertj-core\3.22.0\assertj-core-3.22.0.jar;D:\Maven\Maven-Repository\org\hamcrest\hamcrest\2.2\hamcrest-2.2.jar;D:\Maven\Maven-Repository\org\mockito\mockito-core\4.5.1\mockito-core-4.5.1.jar;D:\Maven\Maven-Repository\net\bytebuddy\byte-buddy\1.12.19\byte-buddy-1.12.19.jar;D:\Maven\Maven-Repository\net\bytebuddy\byte-buddy-agent\1.12.19\byte-buddy-agent-1.12.19.jar;D:\Maven\Maven-Repository\org\objenesis\objenesis\3.2\objenesis-3.2.jar;D:\Maven\Maven-Repository\org\mockito\mockito-junit-jupiter\4.5.1\mockito-junit-jupiter-4.5.1.jar;D:\Maven\Maven-Repository\org\skyscreamer\jsonassert\1.5.1\jsonassert-1.5.1.jar;D:\Maven\Maven-Repository\com\vaadin\external\google\android-json\0.0.20131108.vaadin1\android-json-0.0.20131108.vaadin1.jar;D:\Maven\Maven-Repository\org\springframework\spring-test\5.3.24\spring-test-5.3.24.jar;D:\Maven\Maven-Repository\org\xmlunit\xmlunit-core\2.9.0\xmlunit-core-2.9.0.jar;D:\Maven\Maven-Repository\junit\junit\4.13.2\junit-4.13.2.jar;D:\Maven\Maven-Repository\org\hamcrest\hamcrest-core\2.2\hamcrest-core-2.2.jar;D:\Maven\Maven-Repository\org\junit\jupiter\junit-jupiter\6.0.0-M2\junit-jupiter-6.0.0-M2.jar;D:\Maven\Maven-Repository\org\junit\jupiter\junit-jupiter-api\5.8.2\junit-jupiter-api-5.8.2.jar;D:\Maven\Maven-Repository\org\opentest4j\opentest4j\1.2.0\opentest4j-1.2.0.jar;D:\Maven\Maven-Repository\org\junit\platform\junit-platform-commons\1.8.2\junit-platform-commons-1.8.2.jar;D:\Maven\Maven-Repository\org\apiguardian\apiguardian-api\1.1.2\apiguardian-api-1.1.2.jar;D:\Maven\Maven-Repository\org\junit\jupiter\junit-jupiter-params\5.8.2\junit-jupiter-params-5.8.2.jar;D:\Maven\Maven-Repository\org\junit\jupiter\junit-jupiter-engine\5.8.2\junit-jupiter-engine-5.8.2.jar;D:\Maven\Maven-Repository\org\junit\platform\junit-platform-engine\1.8.2\junit-platform-engine-1.8.2.jar;D:\Maven\Maven-Repository\org\testcontainers\testcontainers\1.17.6\testcontainers-1.17.6.jar;D:\Maven\Maven-Repository\org\apache\commons\commons-compress\1.22\commons-compress-1.22.jar;D:\Maven\Maven-Repository\org\rnorth\duct-tape\duct-tape\1.0.8\duct-tape-1.0.8.jar;D:\Maven\Maven-Repository\org\jetbrains\annotations\17.0.0\annotations-17.0.0.jar;D:\Maven\Maven-Repository\com\github\docker-java\docker-java-api\3.2.13\docker-java-api-3.2.13.jar;D:\Maven\Maven-Repository\com\github\docker-java\docker-java-transport-zerodep\3.2.13\docker-java-transport-zerodep-3.2.13.jar;D:\Maven\Maven-Repository\com\github\docker-java\docker-java-transport\3.2.13\docker-java-transport-3.2.13.jar;D:\Maven\Maven-Repository\net\java\dev\jna\jna\5.8.0\jna-5.8.0.jar;D:\Maven\Maven-Repository\org\testcontainers\junit-jupiter\1.17.6\junit-jupiter-1.17.6.jar;D:\Maven\Maven-Repository\org\testcontainers\mysql\1.17.6\mysql-1.17.6.jar;D:\Maven\Maven-Repository\org\testcontainers\jdbc\1.17.6\jdbc-1.17.6.jar;D:\Maven\Maven-Repository\org\testcontainers\database-commons\1.17.6\database-commons-1.17.6.jar;D:\Maven\Maven-Repository\com\redis\testcontainers-redis\2.2.4\testcontainers-redis-2.2.4.jar;D:\Maven\Maven-Repository\com\redis\testcontainers-redis-common\2.2.4\testcontainers-redis-common-2.2.4.jar;D:\Maven\Maven-Repository\it\ozimov\embedded-redis\0.7.3\embedded-redis-0.7.3.jar;D:\Maven\Maven-Repository\com\google\guava\guava\21.0\guava-21.0.jar;D:\Maven\Maven-Repository\commons-io\commons-io\2.5\commons-io-2.5.jar;D:\Maven\Maven-Repository\org\slf4j\slf4j-simple\1.7.36\slf4j-simple-1.7.36.jar;D:\Maven\Maven-Repository\commons-logging\commons-logging\1.2\commons-logging-1.2.jar;D:\Maven\Maven-Repository\com\fasterxml\jackson\core\jackson-databind\2.15.2\jackson-databind-2.15.2.jar;D:\Maven\Maven-Repository\com\fasterxml\jackson\core\jackson-annotations\2.13.4\jackson-annotations-2.13.4.jar;D:\Maven\Maven-Repository\com\fasterxml\jackson\core\jackson-core\2.13.4\jackson-core-2.13.4.jar;D:\Maven\Maven-Repository\com\mysql\mysql-connector-j\8.0.33\mysql-connector-j-8.0.33.jar;"/>
    <property name="sun.cpu.endian" value="little"/>
    <property name="user.home" value="C:\Users\杜玉杰"/>
    <property name="user.language" value="zh"/>
    <property name="java.specification.vendor" value="Oracle Corporation"/>
    <property name="java.version.date" value="2024-04-16"/>
    <property name="java.home" value="C:\Program Files\Java\jdk-21"/>
    <property name="file.separator" value="\"/>
    <property name="basedir" value="D:\java_project\jorm-spring-boot-starter"/>
    <property name="java.vm.compressedOopsMode" value="Zero based"/>
    <property name="line.separator" value="&#10;"/>
    <property name="java.vm.specification.vendor" value="Oracle Corporation"/>
    <property name="java.specification.name" value="Java Platform API Specification"/>
    <property name="surefire.real.class.path" value="C:\Users\杜玉杰\AppData\Local\Temp\surefire12739524723778762888\surefirebooter1444606428159281342.jar"/>
    <property name="user.script" value=""/>
    <property name="sun.management.compiler" value="HotSpot 64-Bit Tiered Compilers"/>
    <property name="java.runtime.version" value="21.0.3+7-LTS-152"/>
    <property name="user.name" value="杜玉杰"/>
    <property name="stdout.encoding" value="GBK"/>
    <property name="path.separator" value=";"/>
    <property name="os.version" value="10.0"/>
    <property name="java.runtime.name" value="Java(TM) SE Runtime Environment"/>
    <property name="file.encoding" value="UTF-8"/>
    <property name="java.vm.name" value="Java HotSpot(TM) 64-Bit Server VM"/>
    <property name="localRepository" value="D:\Maven\Maven-Repository"/>
    <property name="java.vendor.url.bug" value="https://bugreport.java.com/bugreport/"/>
    <property name="java.io.tmpdir" value="C:\Users\杜玉杰\AppData\Local\Temp\"/>
    <property name="idea.version" value="2023.3.2"/>
    <property name="java.version" value="21.0.3"/>
    <property name="user.dir" value="D:\java_project\jorm-spring-boot-starter"/>
    <property name="os.arch" value="amd64"/>
    <property name="java.vm.specification.name" value="Java Virtual Machine Specification"/>
    <property name="sun.os.patch.level" value=""/>
    <property name="native.encoding" value="GBK"/>
    <property name="java.library.path" value="C:\Program Files\Java\jdk-21\bin;C:\WINDOWS\Sun\Java\bin;C:\WINDOWS\system32;C:\WINDOWS;D:\VMware Workstation Pro v17.0.0 x64\bin\;D:\jdk\jdk-11.0.25\bin;D:\jdk\jdk-11.0.25\jre\bin;C:\Program Files (x86)\Common Files\Oracle\Java\javapath;C:\Program Files\Common Files\Oracle\Java\javapath;D:\python\Scripts\;D:\python\;C:\Program Files (x86)\Common Files\Intel\Shared Libraries\redist\intel64\compiler;C:\WINDOWS\system32;C:\WINDOWS;C:\WINDOWS\System32\Wbem;C:\WINDOWS\System32\WindowsPowerShell\v1.0\;C:\WINDOWS\System32\OpenSSH\;C:\Program Files\Git\cmd;D:\MySQL\mysql-8.3.0-winx64\bin;D:\matlab\runtime\win64;D:\matlab\bin;D:\matlab\polyspace\bin;D:\go\bin;D:\gcc\bin;D:\node\;D:\GnuPG\bin;D:\Gpg4win\..\GnuPG\bin;D:\weChat\微信web开发者工具\dll;D:\matlabexe\runtime\win64;D:\matlabexe\bin;D:\WinSCP\;D:\Maven\apache-maven-3.9.6\bin;C:\Users\杜玉杰\AppData\Local\Microsoft\WindowsApps;D:\pycharm\PyCharm 2024.1.1\bin;;D:\pycharm\PyCharm Community Edition 2023.2.5\bin;;C:\Program Files\JetBrains\IntelliJ IDEA 2023.3.2\bin;;C:\Users\杜玉杰\go\bin;C:\Users\杜玉杰\AppData\Roaming\npm;D:\idea\Microsoft VS Code\bin;D:\golang\GoLand 2024.3.1\bin;;;."/>
    <property name="java.vm.info" value="mixed mode, sharing"/>
    <property name="stderr.encoding" value="GBK"/>
    <property name="java.vendor" value="Oracle Corporation"/>
    <property name="java.vm.version" value="21.0.3+7-LTS-152"/>
    <property name="sun.io.unicode.encoding" value="UnicodeLittle"/>
    <property name="maven.repo.local" value="D:\Maven\Maven-Repository"/>
    <property name="java.class.version" value="65.0"/>
  </properties>
  <testcase name="testJormSession" classname="io.github.foreverstr.test.MySQLJormTest" time="0.099"/>
  <testcase name="testSaveAndFind" classname="io.github.foreverstr.test.MySQLJormTest" time="0.033"/>
  <testcase name="testDelete" classname="io.github.foreverstr.test.MySQLJormTest" time="0.053"/>
  <testcase name="testUpdate" classname="io.github.foreverstr.test.MySQLJormTest" time="0.041"/>
  <testcase name="testAggregationField" classname="io.github.foreverstr.test.MySQLJormTest" time="0.047"/>
</testsuite>